
> saudi-mercado-complete-backend@1.0.0 dev
> ts-node-dev --respawn --transpile-only src/index.ts

[INFO] 03:13:01 ts-node-dev ver. 2.0.0 (using ts-node ver. 10.9.2, typescript ver. 5.9.3)
SaudiMercado backend running on port 3000
[INFO] 13:07:37 Restarting: /Users/mosharahili/Desktop/SaMercado/SaudiMercadoComplete/backend/src/utils/order.ts has been modified
node:internal/modules/cjs/loader:1413
  throw err;
  ^

Error: Cannot find module './lib/source-map-generator'
Require stack:
- /Users/mosharahili/Desktop/SaMercado/SaudiMercadoComplete/backend/node_modules/source-map/source-map.js
- /Users/mosharahili/Desktop/SaMercado/SaudiMercadoComplete/backend/node_modules/source-map-support/source-map-support.js
- /Users/mosharahili/Desktop/SaMercado/SaudiMercadoComplete/backend/node_modules/source-map-support/source-map-support.js
    at Module._resolveFilename (node:internal/modules/cjs/loader:1410:15)
    at defaultResolveImpl (node:internal/modules/cjs/loader:1051:19)
    at resolveForCJSWithHooks (node:internal/modules/cjs/loader:1056:22)
    at Module._load (node:internal/modules/cjs/loader:1219:37)
    at TracingChannel.traceSync (node:diagnostics_channel:322:14)
    at wrapModuleLoad (node:internal/modules/cjs/loader:238:24)
    at Module.require (node:internal/modules/cjs/loader:1493:12)
    at require (node:internal/modules/helpers:152:16)
    at Object.<anonymous> (/Users/mosharahili/Desktop/SaMercado/SaudiMercadoComplete/backend/node_modules/source-map/source-map.js:6:30)
    at Module._compile (node:internal/modules/cjs/loader:1738:14) {
  code: 'MODULE_NOT_FOUND',
  requireStack: [
    '/Users/mosharahili/Desktop/SaMercado/SaudiMercadoComplete/backend/node_modules/source-map/source-map.js',
    '/Users/mosharahili/Desktop/SaMercado/SaudiMercadoComplete/backend/node_modules/source-map-support/source-map-support.js',
    '/Users/mosharahili/Desktop/SaMercado/SaudiMercadoComplete/backend/node_modules/source-map-support/source-map-support.js'
  ]
}

Node.js v24.6.0
